TN:
SF:src/database.ts
FNF:0
FNH:0
DA:1,1
LF:1
LH:1
BRF:0
BRH:0
end_of_record
TN:
SF:src/controllers/usersController.ts
FN:5,createUser
FN:18,getUser
FNF:2
FNH:2
FNDA:2,createUser
FNDA:1,getUser
DA:1,1
DA:2,1
DA:3,1
DA:4,1
DA:5,1
DA:6,2
DA:7,2
DA:8,2
DA:9,1
DA:10,1
DA:11,1
DA:12,1
DA:13,1
DA:14,1
DA:15,1
DA:16,1
DA:17,1
DA:18,1
DA:19,1
DA:20,1
DA:21,1
LF:21
LH:21
BRDA:5,0,0,2
BRDA:8,1,0,1
BRDA:18,2,0,1
BRF:3
BRH:3
end_of_record
TN:
SF:src/mocks/mockResponse.ts
FN:10,makeMockResponse
FN:15,response.status
FN:20,response.json
FNF:3
FNH:3
FNDA:1,makeMockResponse
FNDA:3,response.status
FNDA:3,response.json
DA:1,1
DA:2,1
DA:3,1
DA:4,1
DA:5,1
DA:6,1
DA:7,1
DA:8,1
DA:9,1
DA:10,1
DA:11,1
DA:12,1
DA:13,1
DA:14,1
DA:15,1
DA:16,3
DA:17,3
DA:18,1
DA:19,1
DA:20,1
DA:21,3
DA:22,3
DA:23,1
DA:24,1
DA:25,1
DA:26,1
LF:26
LH:26
BRDA:10,0,0,1
BRDA:15,1,0,3
BRDA:20,2,0,3
BRF:3
BRH:3
end_of_record
